Arguments: 
  /usr/bin/node /usr/share/yarn/bin/yarn.js add @babel/cli

PATH: 
  /home/bruno/.rbenv/plugins/ruby-build/bin:/home/bruno/.rbenv/shims:/home/bruno/.rbenv/bin:./bin:./node_modules/.bin:/home/bruno/.pyenv/bin:/home/bruno/.rbenv/shims:/home/bruno/.rbenv/bin:/usr/local/sbin:/usr/local/bin:/usr/sbin:/usr/bin:/sbin:/bin:/usr/games:/usr/local/games:/snap/bin:/usr/local/sbin

Yarn version: 
  1.22.5

Node version: 
  10.22.1

Platform: 
  linux x64

Trace: 
  Error: getaddrinfo ENOTFOUND registry.yarnpkg.com registry.yarnpkg.com:443
      at GetAddrInfoReqWrap.onlookup [as oncomplete] (dns.js:56:26)

npm manifest: 
  {
    "name": "EC6",
    "version": "1.0.0",
    "main": "index.js",
    "license": "MIT"
  }

yarn manifest: 
  No manifest

Lockfile: 
  No lockfile
